\BOOKMARK [1][-]{section.1}{Introduction}{}% 1
\BOOKMARK [1][-]{section.2}{Setting up the MITgcm}{}% 2
\BOOKMARK [2][-]{subsection.2.1}{Basic tutorial}{section.2}% 3
\BOOKMARK [2][-]{subsection.2.2}{SEAICE tutorial}{section.2}% 4
\BOOKMARK [1][-]{section.3}{More details about running MITgcm}{}% 5
\BOOKMARK [2][-]{subsection.3.1}{Available packages}{section.3}% 6
\BOOKMARK [3][-]{subsubsection.3.1.1}{DIAGNOSTICS}{subsection.3.1}% 7
\BOOKMARK [3][-]{subsubsection.3.1.2}{SEAICE package}{subsection.3.1}% 8
\BOOKMARK [3][-]{subsubsection.3.1.3}{EXF package}{subsection.3.1}% 9
\BOOKMARK [2][-]{subsection.3.2}{Core model parameters and recommendations}{section.3}% 10
\BOOKMARK [3][-]{subsubsection.3.2.1}{Equation of state}{subsection.3.2}% 11
\BOOKMARK [3][-]{subsubsection.3.2.2}{Checkpoint files}{subsection.3.2}% 12
\BOOKMARK [3][-]{subsubsection.3.2.3}{Time stepping}{subsection.3.2}% 13
\BOOKMARK [3][-]{subsubsection.3.2.4}{File input and output}{subsection.3.2}% 14
\BOOKMARK [3][-]{subsubsection.3.2.5}{Gridding parameters}{subsection.3.2}% 15
\BOOKMARK [1][-]{section.4}{What didn't work}{}% 16
\BOOKMARK [2][-]{subsection.4.1}{Advection schemes}{section.4}% 17
\BOOKMARK [2][-]{subsection.4.2}{Surface winds}{section.4}% 18
\BOOKMARK [1][-]{section.5}{Results: cases studied}{}% 19
\BOOKMARK [2][-]{subsection.5.1}{Ice advection}{section.5}% 20
\BOOKMARK [3][-]{subsubsection.5.1.1}{Results}{subsection.5.1}% 21
\BOOKMARK [3][-]{subsubsection.5.1.2}{What was learned}{subsection.5.1}% 22
\BOOKMARK [2][-]{subsection.5.2}{Ice melting}{section.5}% 23
\BOOKMARK [3][-]{subsubsection.5.2.1}{Results}{subsection.5.2}% 24
\BOOKMARK [3][-]{subsubsection.5.2.2}{What was learned}{subsection.5.2}% 25
\BOOKMARK [3][-]{subsubsection.5.2.3}{Next steps}{subsection.5.2}% 26
\BOOKMARK [2][-]{subsection.5.3}{Solar forcing}{section.5}% 27
\BOOKMARK [3][-]{subsubsection.5.3.1}{Results}{subsection.5.3}% 28
\BOOKMARK [3][-]{subsubsection.5.3.2}{What was learned}{subsection.5.3}% 29
\BOOKMARK [3][-]{subsubsection.5.3.3}{Next steps}{subsection.5.3}% 30
\BOOKMARK [2][-]{subsection.5.4}{Periodic forcing}{section.5}% 31
\BOOKMARK [3][-]{subsubsection.5.4.1}{Results}{subsection.5.4}% 32
\BOOKMARK [3][-]{subsubsection.5.4.2}{Run with constant temperature}{subsection.5.4}% 33
\BOOKMARK [3][-]{subsubsection.5.4.3}{What we learned}{subsection.5.4}% 34
\BOOKMARK [3][-]{subsubsection.5.4.4}{Next steps}{subsection.5.4}% 35
\BOOKMARK [2][-]{subsection.5.5}{1D comparison}{section.5}% 36
\BOOKMARK [3][-]{subsubsection.5.5.1}{Comparison case}{subsection.5.5}% 37
\BOOKMARK [3][-]{subsubsection.5.5.2}{Comparison results}{subsection.5.5}% 38
\BOOKMARK [3][-]{subsubsection.5.5.3}{Next steps}{subsection.5.5}% 39
\BOOKMARK [1][-]{section.6}{Recurring issues}{}% 40
\BOOKMARK [2][-]{subsection.6.1}{NetCDF/HDF5 libraries}{section.6}% 41
\BOOKMARK [3][-]{subsubsection.6.1.1}{Disk space or quota}{subsection.6.1}% 42
\BOOKMARK [3][-]{subsubsection.6.1.2}{Modules}{subsection.6.1}% 43
\BOOKMARK [2][-]{subsection.6.2}{MITgcm python utils}{section.6}% 44
\BOOKMARK [1][-]{section.7}{Physics of the model}{}% 45
\BOOKMARK [2][-]{subsection.7.1}{Radiative cooling}{section.7}% 46
\BOOKMARK [2][-]{subsection.7.2}{Water surface energy budget}{section.7}% 47
\BOOKMARK [2][-]{subsection.7.3}{Surface albedo}{section.7}% 48
\BOOKMARK [2][-]{subsection.7.4}{Thermodynamics}{section.7}% 49
\BOOKMARK [2][-]{subsection.7.5}{Total kinetic energy}{section.7}% 50
\BOOKMARK [2][-]{subsection.7.6}{Dynamical ice model}{section.7}% 51
\BOOKMARK [2][-]{subsection.7.7}{Radiation}{section.7}% 52
\BOOKMARK [2][-]{subsection.7.8}{Humidity}{section.7}% 53
\BOOKMARK [1][-]{section.8}{Visualization tools}{}% 54
\BOOKMARK [1][-]{section.9}{Conclusions}{}% 55
\BOOKMARK [1][-]{section.10}{Next steps}{}% 56
