This is pdfTeX, Version 3.14159265-2.6-1.40.18 (TeX Live 2017) (preloaded format=pdflatex 2017.9.21)  14 AUG 2018 16:26
entering extended mode
 restricted \write18 enabled.
 %&-line parsing enabled.
**MITGCM_SEAICE_manual.tex
(./MITGCM_SEAICE_manual.tex
LaTeX2e <2017-04-15>
Babel <3.13> and hyphenation patterns for 84 language(s) loaded.
(/usr/local/texlive/2017/texmf-dist/tex/latex/base/article.cls
Document Class: article 2014/09/29 v1.4h Standard LaTeX document class
(/usr/local/texlive/2017/texmf-dist/tex/latex/base/size11.clo
File: size11.clo 2014/09/29 v1.4h Standard LaTeX file (size option)
)
\c@part=\count79
\c@section=\count80
\c@subsection=\count81
\c@subsubsection=\count82
\c@paragraph=\count83
\c@subparagraph=\count84
\c@figure=\count85
\c@table=\count86
\abovecaptionskip=\skip41
\belowcaptionskip=\skip42
\bibindent=\dimen102
)
(/usr/local/texlive/2017/texmf-dist/tex/latex/base/inputenc.sty
Package: inputenc 2015/03/17 v1.2c Input encoding file
\inpenc@prehook=\toks14
\inpenc@posthook=\toks15

(/usr/local/texlive/2017/texmf-dist/tex/latex/base/utf8.def
File: utf8.def 2017/01/28 v1.1t UTF-8 support for inputenc
Now handling font encoding OML ...
... no UTF-8 mapping file for font encoding OML
Now handling font encoding T1 ...
... processing UTF-8 mapping file for font encoding T1

(/usr/local/texlive/2017/texmf-dist/tex/latex/base/t1enc.dfu
File: t1enc.dfu 2017/01/28 v1.1t UTF-8 support for inputenc
   defining Unicode char U+00A0 (decimal 160)
   defining Unicode char U+00A1 (decimal 161)
   defining Unicode char U+00A3 (decimal 163)
   defining Unicode char U+00AB (decimal 171)
   defining Unicode char U+00AD (decimal 173)
   defining Unicode char U+00BB (decimal 187)
   defining Unicode char U+00BF (decimal 191)
   defining Unicode char U+00C0 (decimal 192)
   defining Unicode char U+00C1 (decimal 193)
   defining Unicode char U+00C2 (decimal 194)
   defining Unicode char U+00C3 (decimal 195)
   defining Unicode char U+00C4 (decimal 196)
   defining Unicode char U+00C5 (decimal 197)
   defining Unicode char U+00C6 (decimal 198)
   defining Unicode char U+00C7 (decimal 199)
   defining Unicode char U+00C8 (decimal 200)
   defining Unicode char U+00C9 (decimal 201)
   defining Unicode char U+00CA (decimal 202)
   defining Unicode char U+00CB (decimal 203)
   defining Unicode char U+00CC (decimal 204)
   defining Unicode char U+00CD (decimal 205)
   defining Unicode char U+00CE (decimal 206)
   defining Unicode char U+00CF (decimal 207)
   defining Unicode char U+00D0 (decimal 208)
   defining Unicode char U+00D1 (decimal 209)
   defining Unicode char U+00D2 (decimal 210)
   defining Unicode char U+00D3 (decimal 211)
   defining Unicode char U+00D4 (decimal 212)
   defining Unicode char U+00D5 (decimal 213)
   defining Unicode char U+00D6 (decimal 214)
   defining Unicode char U+00D8 (decimal 216)
   defining Unicode char U+00D9 (decimal 217)
   defining Unicode char U+00DA (decimal 218)
   defining Unicode char U+00DB (decimal 219)
   defining Unicode char U+00DC (decimal 220)
   defining Unicode char U+00DD (decimal 221)
   defining Unicode char U+00DE (decimal 222)
   defining Unicode char U+00DF (decimal 223)
   defining Unicode char U+00E0 (decimal 224)
   defining Unicode char U+00E1 (decimal 225)
   defining Unicode char U+00E2 (decimal 226)
   defining Unicode char U+00E3 (decimal 227)
   defining Unicode char U+00E4 (decimal 228)
   defining Unicode char U+00E5 (decimal 229)
   defining Unicode char U+00E6 (decimal 230)
   defining Unicode char U+00E7 (decimal 231)
   defining Unicode char U+00E8 (decimal 232)
   defining Unicode char U+00E9 (decimal 233)
   defining Unicode char U+00EA (decimal 234)
   defining Unicode char U+00EB (decimal 235)
   defining Unicode char U+00EC (decimal 236)
   defining Unicode char U+00ED (decimal 237)
   defining Unicode char U+00EE (decimal 238)
   defining Unicode char U+00EF (decimal 239)
   defining Unicode char U+00F0 (decimal 240)
   defining Unicode char U+00F1 (decimal 241)
   defining Unicode char U+00F2 (decimal 242)
   defining Unicode char U+00F3 (decimal 243)
   defining Unicode char U+00F4 (decimal 244)
   defining Unicode char U+00F5 (decimal 245)
   defining Unicode char U+00F6 (decimal 246)
   defining Unicode char U+00F8 (decimal 248)
   defining Unicode char U+00F9 (decimal 249)
   defining Unicode char U+00FA (decimal 250)
   defining Unicode char U+00FB (decimal 251)
   defining Unicode char U+00FC (decimal 252)
   defining Unicode char U+00FD (decimal 253)
   defining Unicode char U+00FE (decimal 254)
   defining Unicode char U+00FF (decimal 255)
   defining Unicode char U+0100 (decimal 256)
   defining Unicode char U+0101 (decimal 257)
   defining Unicode char U+0102 (decimal 258)
   defining Unicode char U+0103 (decimal 259)
   defining Unicode char U+0104 (decimal 260)
   defining Unicode char U+0105 (decimal 261)
   defining Unicode char U+0106 (decimal 262)
   defining Unicode char U+0107 (decimal 263)
   defining Unicode char U+0108 (decimal 264)
   defining Unicode char U+0109 (decimal 265)
   defining Unicode char U+010A (decimal 266)
   defining Unicode char U+010B (decimal 267)
   defining Unicode char U+010C (decimal 268)
   defining Unicode char U+010D (decimal 269)
   defining Unicode char U+010E (decimal 270)
   defining Unicode char U+010F (decimal 271)
   defining Unicode char U+0110 (decimal 272)
   defining Unicode char U+0111 (decimal 273)
   defining Unicode char U+0112 (decimal 274)
   defining Unicode char U+0113 (decimal 275)
   defining Unicode char U+0114 (decimal 276)
   defining Unicode char U+0115 (decimal 277)
   defining Unicode char U+0116 (decimal 278)
   defining Unicode char U+0117 (decimal 279)
   defining Unicode char U+0118 (decimal 280)
   defining Unicode char U+0119 (decimal 281)
   defining Unicode char U+011A (decimal 282)
   defining Unicode char U+011B (decimal 283)
   defining Unicode char U+011C (decimal 284)
   defining Unicode char U+011D (decimal 285)
   defining Unicode char U+011E (decimal 286)
   defining Unicode char U+011F (decimal 287)
   defining Unicode char U+0120 (decimal 288)
   defining Unicode char U+0121 (decimal 289)
   defining Unicode char U+0122 (decimal 290)
   defining Unicode char U+0123 (decimal 291)
   defining Unicode char U+0124 (decimal 292)
   defining Unicode char U+0125 (decimal 293)
   defining Unicode char U+0128 (decimal 296)
   defining Unicode char U+0129 (decimal 297)
   defining Unicode char U+012A (decimal 298)
   defining Unicode char U+012B (decimal 299)
   defining Unicode char U+012C (decimal 300)
   defining Unicode char U+012D (decimal 301)
   defining Unicode char U+012E (decimal 302)
   defining Unicode char U+012F (decimal 303)
   defining Unicode char U+0130 (decimal 304)
   defining Unicode char U+0131 (decimal 305)
   defining Unicode char U+0132 (decimal 306)
   defining Unicode char U+0133 (decimal 307)
   defining Unicode char U+0134 (decimal 308)
   defining Unicode char U+0135 (decimal 309)
   defining Unicode char U+0136 (decimal 310)
   defining Unicode char U+0137 (decimal 311)
   defining Unicode char U+0139 (decimal 313)
   defining Unicode char U+013A (decimal 314)
   defining Unicode char U+013B (decimal 315)
   defining Unicode char U+013C (decimal 316)
   defining Unicode char U+013D (decimal 317)
   defining Unicode char U+013E (decimal 318)
   defining Unicode char U+0141 (decimal 321)
   defining Unicode char U+0142 (decimal 322)
   defining Unicode char U+0143 (decimal 323)
   defining Unicode char U+0144 (decimal 324)
   defining Unicode char U+0145 (decimal 325)
   defining Unicode char U+0146 (decimal 326)
   defining Unicode char U+0147 (decimal 327)
   defining Unicode char U+0148 (decimal 328)
   defining Unicode char U+014A (decimal 330)
   defining Unicode char U+014B (decimal 331)
   defining Unicode char U+014C (decimal 332)
   defining Unicode char U+014D (decimal 333)
   defining Unicode char U+014E (decimal 334)
   defining Unicode char U+014F (decimal 335)
   defining Unicode char U+0150 (decimal 336)
   defining Unicode char U+0151 (decimal 337)
   defining Unicode char U+0152 (decimal 338)
   defining Unicode char U+0153 (decimal 339)
   defining Unicode char U+0154 (decimal 340)
   defining Unicode char U+0155 (decimal 341)
   defining Unicode char U+0156 (decimal 342)
   defining Unicode char U+0157 (decimal 343)
   defining Unicode char U+0158 (decimal 344)
   defining Unicode char U+0159 (decimal 345)
   defining Unicode char U+015A (decimal 346)
   defining Unicode char U+015B (decimal 347)
   defining Unicode char U+015C (decimal 348)
   defining Unicode char U+015D (decimal 349)
   defining Unicode char U+015E (decimal 350)
   defining Unicode char U+015F (decimal 351)
   defining Unicode char U+0160 (decimal 352)
   defining Unicode char U+0161 (decimal 353)
   defining Unicode char U+0162 (decimal 354)
   defining Unicode char U+0163 (decimal 355)
   defining Unicode char U+0164 (decimal 356)
   defining Unicode char U+0165 (decimal 357)
   defining Unicode char U+0168 (decimal 360)
   defining Unicode char U+0169 (decimal 361)
   defining Unicode char U+016A (decimal 362)
   defining Unicode char U+016B (decimal 363)
   defining Unicode char U+016C (decimal 364)
   defining Unicode char U+016D (decimal 365)
   defining Unicode char U+016E (decimal 366)
   defining Unicode char U+016F (decimal 367)
   defining Unicode char U+0170 (decimal 368)
   defining Unicode char U+0171 (decimal 369)
   defining Unicode char U+0172 (decimal 370)
   defining Unicode char U+0173 (decimal 371)
   defining Unicode char U+0174 (decimal 372)
   defining Unicode char U+0175 (decimal 373)
   defining Unicode char U+0176 (decimal 374)
   defining Unicode char U+0177 (decimal 375)
   defining Unicode char U+0178 (decimal 376)
   defining Unicode char U+0179 (decimal 377)
   defining Unicode char U+017A (decimal 378)
   defining Unicode char U+017B (decimal 379)
   defining Unicode char U+017C (decimal 380)
   defining Unicode char U+017D (decimal 381)
   defining Unicode char U+017E (decimal 382)
   defining Unicode char U+01CD (decimal 461)
   defining Unicode char U+01CE (decimal 462)
   defining Unicode char U+01CF (decimal 463)
   defining Unicode char U+01D0 (decimal 464)
   defining Unicode char U+01D1 (decimal 465)
   defining Unicode char U+01D2 (decimal 466)
   defining Unicode char U+01D3 (decimal 467)
   defining Unicode char U+01D4 (decimal 468)
   defining Unicode char U+01E2 (decimal 482)
   defining Unicode char U+01E3 (decimal 483)
   defining Unicode char U+01E6 (decimal 486)
   defining Unicode char U+01E7 (decimal 487)
   defining Unicode char U+01E8 (decimal 488)
   defining Unicode char U+01E9 (decimal 489)
   defining Unicode char U+01EA (decimal 490)
   defining Unicode char U+01EB (decimal 491)
   defining Unicode char U+01F0 (decimal 496)
   defining Unicode char U+01F4 (decimal 500)
   defining Unicode char U+01F5 (decimal 501)
   defining Unicode char U+0218 (decimal 536)
   defining Unicode char U+0219 (decimal 537)
   defining Unicode char U+021A (decimal 538)
   defining Unicode char U+021B (decimal 539)
   defining Unicode char U+0232 (decimal 562)
   defining Unicode char U+0233 (decimal 563)
   defining Unicode char U+1E02 (decimal 7682)
   defining Unicode char U+1E03 (decimal 7683)
   defining Unicode char U+200C (decimal 8204)
   defining Unicode char U+2010 (decimal 8208)
   defining Unicode char U+2011 (decimal 8209)
   defining Unicode char U+2012 (decimal 8210)
   defining Unicode char U+2013 (decimal 8211)
   defining Unicode char U+2014 (decimal 8212)
   defining Unicode char U+2015 (decimal 8213)
   defining Unicode char U+2018 (decimal 8216)
   defining Unicode char U+2019 (decimal 8217)
   defining Unicode char U+201A (decimal 8218)
   defining Unicode char U+201C (decimal 8220)
   defining Unicode char U+201D (decimal 8221)
   defining Unicode char U+201E (decimal 8222)
   defining Unicode char U+2030 (decimal 8240)
   defining Unicode char U+2031 (decimal 8241)
   defining Unicode char U+2039 (decimal 8249)
   defining Unicode char U+203A (decimal 8250)
   defining Unicode char U+2423 (decimal 9251)
   defining Unicode char U+1E20 (decimal 7712)
   defining Unicode char U+1E21 (decimal 7713)
)
Now handling font encoding OT1 ...
... processing UTF-8 mapping file for font encoding OT1

(/usr/local/texlive/2017/texmf-dist/tex/latex/base/ot1enc.dfu
File: ot1enc.dfu 2017/01/28 v1.1t UTF-8 support for inputenc
   defining Unicode char U+00A0 (decimal 160)
   defining Unicode char U+00A1 (decimal 161)
   defining Unicode char U+00A3 (decimal 163)
   defining Unicode char U+00AD (decimal 173)
   defining Unicode char U+00B8 (decimal 184)
   defining Unicode char U+00BF (decimal 191)
   defining Unicode char U+00C5 (decimal 197)
   defining Unicode char U+00C6 (decimal 198)
   defining Unicode char U+00D8 (decimal 216)
   defining Unicode char U+00DF (decimal 223)
   defining Unicode char U+00E6 (decimal 230)
   defining Unicode char U+00EC (decimal 236)
   defining Unicode char U+00ED (decimal 237)
   defining Unicode char U+00EE (decimal 238)
   defining Unicode char U+00EF (decimal 239)
   defining Unicode char U+00F8 (decimal 248)
   defining Unicode char U+0131 (decimal 305)
   defining Unicode char U+0141 (decimal 321)
   defining Unicode char U+0142 (decimal 322)
   defining Unicode char U+0152 (decimal 338)
   defining Unicode char U+0153 (decimal 339)
   defining Unicode char U+0174 (decimal 372)
   defining Unicode char U+0175 (decimal 373)
   defining Unicode char U+0176 (decimal 374)
   defining Unicode char U+0177 (decimal 375)
   defining Unicode char U+0218 (decimal 536)
   defining Unicode char U+0219 (decimal 537)
   defining Unicode char U+021A (decimal 538)
   defining Unicode char U+021B (decimal 539)
   defining Unicode char U+2013 (decimal 8211)
   defining Unicode char U+2014 (decimal 8212)
   defining Unicode char U+2018 (decimal 8216)
   defining Unicode char U+2019 (decimal 8217)
   defining Unicode char U+201C (decimal 8220)
   defining Unicode char U+201D (decimal 8221)
)
Now handling font encoding OMS ...
... processing UTF-8 mapping file for font encoding OMS

(/usr/local/texlive/2017/texmf-dist/tex/latex/base/omsenc.dfu
File: omsenc.dfu 2017/01/28 v1.1t UTF-8 support for inputenc
   defining Unicode char U+00A7 (decimal 167)
   defining Unicode char U+00B6 (decimal 182)
   defining Unicode char U+00B7 (decimal 183)
   defining Unicode char U+2020 (decimal 8224)
   defining Unicode char U+2021 (decimal 8225)
   defining Unicode char U+2022 (decimal 8226)
)
Now handling font encoding OMX ...
... no UTF-8 mapping file for font encoding OMX
Now handling font encoding U ...
... no UTF-8 mapping file for font encoding U
   defining Unicode char U+00A9 (decimal 169)
   defining Unicode char U+00AA (decimal 170)
   defining Unicode char U+00AE (decimal 174)
   defining Unicode char U+00BA (decimal 186)
   defining Unicode char U+02C6 (decimal 710)
   defining Unicode char U+02DC (decimal 732)
   defining Unicode char U+200C (decimal 8204)
   defining Unicode char U+2026 (decimal 8230)
   defining Unicode char U+2122 (decimal 8482)
   defining Unicode char U+2423 (decimal 9251)
))
(/usr/local/texlive/2017/texmf-dist/tex/latex/amsmath/amsmath.sty
Package: amsmath 2017/09/02 v2.17a AMS math features
\@mathmargin=\skip43

For additional information on amsmath, use the `?' option.
(/usr/local/texlive/2017/texmf-dist/tex/latex/amsmath/amstext.sty
Package: amstext 2000/06/29 v2.01 AMS text

(/usr/local/texlive/2017/texmf-dist/tex/latex/amsmath/amsgen.sty
File: amsgen.sty 1999/11/30 v2.0 generic functions
\@emptytoks=\toks16
\ex@=\dimen103
))
(/usr/local/texlive/2017/texmf-dist/tex/latex/amsmath/amsbsy.sty
Package: amsbsy 1999/11/29 v1.2d Bold Symbols
\pmbraise@=\dimen104
)
(/usr/local/texlive/2017/texmf-dist/tex/latex/amsmath/amsopn.sty
Package: amsopn 2016/03/08 v2.02 operator names
)
\inf@bad=\count87
LaTeX Info: Redefining \frac on input line 213.
\uproot@=\count88
\leftroot@=\count89
LaTeX Info: Redefining \overline on input line 375.
\classnum@=\count90
\DOTSCASE@=\count91
LaTeX Info: Redefining \ldots on input line 472.
LaTeX Info: Redefining \dots on input line 475.
LaTeX Info: Redefining \cdots on input line 596.
\Mathstrutbox@=\box26
\strutbox@=\box27
\big@size=\dimen105
LaTeX Font Info:    Redeclaring font encoding OML on input line 712.
LaTeX Font Info:    Redeclaring font encoding OMS on input line 713.
\macc@depth=\count92
\c@MaxMatrixCols=\count93
\dotsspace@=\muskip10
\c@parentequation=\count94
\dspbrk@lvl=\count95
\tag@help=\toks17
\row@=\count96
\column@=\count97
\maxfields@=\count98
\andhelp@=\toks18
\eqnshift@=\dimen106
\alignsep@=\dimen107
\tagshift@=\dimen108
\tagwidth@=\dimen109
\totwidth@=\dimen110
\lineht@=\dimen111
\@envbody=\toks19
\multlinegap=\skip44
\multlinetaggap=\skip45
\mathdisplay@stack=\toks20
LaTeX Info: Redefining \[ on input line 2817.
LaTeX Info: Redefining \] on input line 2818.
)
(/usr/local/texlive/2017/texmf-dist/tex/latex/amsfonts/amsfonts.sty
Package: amsfonts 2013/01/14 v3.01 Basic AMSFonts support
\symAMSa=\mathgroup4
\symAMSb=\mathgroup5
LaTeX Font Info:    Overwriting math alphabet `\mathfrak' in version `bold'
(Font)                  U/euf/m/n --> U/euf/b/n on input line 106.
)
(/usr/local/texlive/2017/texmf-dist/tex/latex/amsfonts/amssymb.sty
Package: amssymb 2013/01/14 v3.01 AMS font symbols
)
(/usr/local/texlive/2017/texmf-dist/tex/latex/listings/listings.sty
(/usr/local/texlive/2017/texmf-dist/tex/latex/graphics/keyval.sty
Package: keyval 2014/10/28 v1.15 key=value parser (DPC)
\KV@toks@=\toks21
)
\lst@mode=\count99
\lst@gtempboxa=\box28
\lst@token=\toks22
\lst@length=\count100
\lst@currlwidth=\dimen112
\lst@column=\count101
\lst@pos=\count102
\lst@lostspace=\dimen113
\lst@width=\dimen114
\lst@newlines=\count103
\lst@lineno=\count104
\lst@maxwidth=\dimen115

(/usr/local/texlive/2017/texmf-dist/tex/latex/listings/lstmisc.sty
File: lstmisc.sty 2015/06/04 1.6 (Carsten Heinz)
\c@lstnumber=\count105
\lst@skipnumbers=\count106
\lst@framebox=\box29
)
(/usr/local/texlive/2017/texmf-dist/tex/latex/listings/listings.cfg
File: listings.cfg 2015/06/04 1.6 listings configuration
))
Package: listings 2015/06/04 1.6 (Carsten Heinz)

(/usr/local/texlive/2017/texmf-dist/tex/latex/graphics/color.sty
Package: color 2016/07/10 v1.1e Standard LaTeX Color (DPC)

(/usr/local/texlive/2017/texmf-dist/tex/latex/graphics-cfg/color.cfg
File: color.cfg 2016/01/02 v1.6 sample color configuration
)
Package color Info: Driver file: pdftex.def on input line 147.

(/usr/local/texlive/2017/texmf-dist/tex/latex/graphics-def/pdftex.def
File: pdftex.def 2017/06/24 v1.0g Graphics/color driver for pdftex
))
(/usr/local/texlive/2017/texmf-dist/tex/latex/tools/tabularx.sty
Package: tabularx 2016/02/03 v2.11 `tabularx' package (DPC)

(/usr/local/texlive/2017/texmf-dist/tex/latex/tools/array.sty
Package: array 2016/10/06 v2.4d Tabular extension package (FMi)
\col@sep=\dimen116
\extrarowheight=\dimen117
\NC@list=\toks23
\extratabsurround=\skip46
\backup@length=\skip47
)
\TX@col@width=\dimen118
\TX@old@table=\dimen119
\TX@old@col=\dimen120
\TX@target=\dimen121
\TX@delta=\dimen122
\TX@cols=\count107
\TX@ftn=\toks24
)
(/usr/local/texlive/2017/texmf-dist/tex/latex/graphics/graphicx.sty
Package: graphicx 2017/06/01 v1.1a Enhanced LaTeX Graphics (DPC,SPQR)

(/usr/local/texlive/2017/texmf-dist/tex/latex/graphics/graphics.sty
Package: graphics 2017/06/25 v1.2c Standard LaTeX Graphics (DPC,SPQR)

(/usr/local/texlive/2017/texmf-dist/tex/latex/graphics/trig.sty
Package: trig 2016/01/03 v1.10 sin cos tan (DPC)
)
(/usr/local/texlive/2017/texmf-dist/tex/latex/graphics-cfg/graphics.cfg
File: graphics.cfg 2016/06/04 v1.11 sample graphics configuration
)
Package graphics Info: Driver file: pdftex.def on input line 99.
)
\Gin@req@height=\dimen123
\Gin@req@width=\dimen124
)
(/usr/local/texlive/2017/texmf-dist/tex/latex/caption/subcaption.sty
Package: subcaption 2016/05/22 v1.1-161 Sub-captions (AR)

(/usr/local/texlive/2017/texmf-dist/tex/latex/caption/caption.sty
Package: caption 2016/02/21 v3.3-144 Customizing captions (AR)

(/usr/local/texlive/2017/texmf-dist/tex/latex/caption/caption3.sty
Package: caption3 2016/05/22 v1.7-166 caption3 kernel (AR)
Package caption3 Info: TeX engine: e-TeX on input line 67.
\captionmargin=\dimen125
\captionmargin@=\dimen126
\captionwidth=\dimen127
\caption@tempdima=\dimen128
\caption@indent=\dimen129
\caption@parindent=\dimen130
\caption@hangindent=\dimen131
)
\c@ContinuedFloat=\count108
Package caption Info: listings package is loaded.
)
\c@subfigure=\count109
\c@subtable=\count110
)
(/usr/local/texlive/2017/texmf-dist/tex/latex/hyperref/hyperref.sty
Package: hyperref 2017/03/14 v6.85a Hypertext links for LaTeX

(/usr/local/texlive/2017/texmf-dist/tex/generic/oberdiek/hobsub-hyperref.sty
Package: hobsub-hyperref 2016/05/16 v1.14 Bundle oberdiek, subset hyperref (HO)


(/usr/local/texlive/2017/texmf-dist/tex/generic/oberdiek/hobsub-generic.sty
Package: hobsub-generic 2016/05/16 v1.14 Bundle oberdiek, subset generic (HO)
Package: hobsub 2016/05/16 v1.14 Construct package bundles (HO)
Package: infwarerr 2016/05/16 v1.4 Providing info/warning/error messages (HO)
Package: ltxcmds 2016/05/16 v1.23 LaTeX kernel commands for general use (HO)
Package: ifluatex 2016/05/16 v1.4 Provides the ifluatex switch (HO)
Package ifluatex Info: LuaTeX not detected.
Package: ifvtex 2016/05/16 v1.6 Detect VTeX and its facilities (HO)
Package ifvtex Info: VTeX not detected.
Package: intcalc 2016/05/16 v1.2 Expandable calculations with integers (HO)
Package: ifpdf 2017/03/15 v3.2 Provides the ifpdf switch
Package: etexcmds 2016/05/16 v1.6 Avoid name clashes with e-TeX commands (HO)
Package etexcmds Info: Could not find \expanded.
(etexcmds)             That can mean that you are not using pdfTeX 1.50 or
(etexcmds)             that some package has redefined \expanded.
(etexcmds)             In the latter case, load this package earlier.
Package: kvsetkeys 2016/05/16 v1.17 Key value parser (HO)
Package: kvdefinekeys 2016/05/16 v1.4 Define keys (HO)
Package: pdftexcmds 2017/03/19 v0.25 Utility functions of pdfTeX for LuaTeX (HO
)
Package pdftexcmds Info: LuaTeX not detected.
Package pdftexcmds Info: \pdf@primitive is available.
Package pdftexcmds Info: \pdf@ifprimitive is available.
Package pdftexcmds Info: \pdfdraftmode found.
Package: pdfescape 2016/05/16 v1.14 Implements pdfTeX's escape features (HO)
Package: bigintcalc 2016/05/16 v1.4 Expandable calculations on big integers (HO
)
Package: bitset 2016/05/16 v1.2 Handle bit-vector datatype (HO)
Package: uniquecounter 2016/05/16 v1.3 Provide unlimited unique counter (HO)
)
Package hobsub Info: Skipping package `hobsub' (already loaded).
Package: letltxmacro 2016/05/16 v1.5 Let assignment for LaTeX macros (HO)
Package: hopatch 2016/05/16 v1.3 Wrapper for package hooks (HO)
Package: xcolor-patch 2016/05/16 xcolor patch
Package: atveryend 2016/05/16 v1.9 Hooks at the very end of document (HO)
Package atveryend Info: \enddocument detected (standard20110627).
Package: atbegshi 2016/06/09 v1.18 At begin shipout hook (HO)
Package: refcount 2016/05/16 v3.5 Data extraction from label references (HO)
Package: hycolor 2016/05/16 v1.8 Color options for hyperref/bookmark (HO)
)
(/usr/local/texlive/2017/texmf-dist/tex/generic/ifxetex/ifxetex.sty
Package: ifxetex 2010/09/12 v0.6 Provides ifxetex conditional
)
(/usr/local/texlive/2017/texmf-dist/tex/latex/oberdiek/auxhook.sty
Package: auxhook 2016/05/16 v1.4 Hooks for auxiliary files (HO)
)
(/usr/local/texlive/2017/texmf-dist/tex/latex/oberdiek/kvoptions.sty
Package: kvoptions 2016/05/16 v3.12 Key value format for package options (HO)
)
\@linkdim=\dimen132
\Hy@linkcounter=\count111
\Hy@pagecounter=\count112

(/usr/local/texlive/2017/texmf-dist/tex/latex/hyperref/pd1enc.def
File: pd1enc.def 2017/03/14 v6.85a Hyperref: PDFDocEncoding definition (HO)
Now handling font encoding PD1 ...
... no UTF-8 mapping file for font encoding PD1
)
\Hy@SavedSpaceFactor=\count113

(/usr/local/texlive/2017/texmf-dist/tex/latex/latexconfig/hyperref.cfg
File: hyperref.cfg 2002/06/06 v1.2 hyperref configuration of TeXLive
)
Package hyperref Info: Hyper figures OFF on input line 4498.
Package hyperref Info: Link nesting OFF on input line 4503.
Package hyperref Info: Hyper index ON on input line 4506.
Package hyperref Info: Plain pages OFF on input line 4513.
Package hyperref Info: Backreferencing OFF on input line 4518.
Package hyperref Info: Implicit mode ON; LaTeX internals redefined.
Package hyperref Info: Bookmarks ON on input line 4751.
\c@Hy@tempcnt=\count114

(/usr/local/texlive/2017/texmf-dist/tex/latex/url/url.sty
\Urlmuskip=\muskip11
Package: url 2013/09/16  ver 3.4  Verb mode for urls, etc.
)
LaTeX Info: Redefining \url on input line 5104.
\XeTeXLinkMargin=\dimen133
\Fld@menulength=\count115
\Field@Width=\dimen134
\Fld@charsize=\dimen135
Package hyperref Info: Hyper figures OFF on input line 6358.
Package hyperref Info: Link nesting OFF on input line 6363.
Package hyperref Info: Hyper index ON on input line 6366.
Package hyperref Info: backreferencing OFF on input line 6373.
Package hyperref Info: Link coloring OFF on input line 6378.
Package hyperref Info: Link coloring with OCG OFF on input line 6383.
Package hyperref Info: PDF/A mode OFF on input line 6388.
LaTeX Info: Redefining \ref on input line 6428.
LaTeX Info: Redefining \pageref on input line 6432.
\Hy@abspage=\count116
\c@Item=\count117
\c@Hfootnote=\count118
)

Package hyperref Message: Driver (autodetected): hpdftex.

(/usr/local/texlive/2017/texmf-dist/tex/latex/hyperref/hpdftex.def
File: hpdftex.def 2017/03/14 v6.85a Hyperref driver for pdfTeX
\Fld@listcount=\count119
\c@bookmark@seq@number=\count120

(/usr/local/texlive/2017/texmf-dist/tex/latex/oberdiek/rerunfilecheck.sty
Package: rerunfilecheck 2016/05/16 v1.8 Rerun checks for auxiliary files (HO)
Package uniquecounter Info: New unique counter `rerunfilecheck' on input line 2
82.
)
\Hy@SectionHShift=\skip48
)
(/usr/local/texlive/2017/texmf-dist/tex/latex/siunitx/siunitx.sty
(/usr/local/texlive/2017/texmf-dist/tex/latex/l3kernel/expl3.sty
Package: expl3 2017/09/18 L3 programming layer (loader) 

(/usr/local/texlive/2017/texmf-dist/tex/latex/l3kernel/expl3-code.tex
Package: expl3 2017/09/18 L3 programming layer (code)
\c_max_int=\count121
\l_tmpa_int=\count122
\l_tmpb_int=\count123
\g_tmpa_int=\count124
\g_tmpb_int=\count125
\g__intarray_font_int=\count126
\g__prg_map_int=\count127
\c_log_iow=\count128
\l_iow_line_count_int=\count129
\l__iow_line_target_int=\count130
\l__iow_one_indent_int=\count131
\l__iow_indent_int=\count132
\c_zero_dim=\dimen136
\c_max_dim=\dimen137
\l_tmpa_dim=\dimen138
\l_tmpb_dim=\dimen139
\g_tmpa_dim=\dimen140
\g_tmpb_dim=\dimen141
\c_zero_skip=\skip49
\c_max_skip=\skip50
\l_tmpa_skip=\skip51
\l_tmpb_skip=\skip52
\g_tmpa_skip=\skip53
\g_tmpb_skip=\skip54
\c_zero_muskip=\muskip12
\c_max_muskip=\muskip13
\l_tmpa_muskip=\muskip14
\l_tmpb_muskip=\muskip15
\g_tmpa_muskip=\muskip16
\g_tmpb_muskip=\muskip17
\l_keys_choice_int=\count133
\c__fp_leading_shift_int=\count134
\c__fp_middle_shift_int=\count135
\c__fp_trailing_shift_int=\count136
\c__fp_big_leading_shift_int=\count137
\c__fp_big_middle_shift_int=\count138
\c__fp_big_trailing_shift_int=\count139
\c__fp_Bigg_leading_shift_int=\count140
\c__fp_Bigg_middle_shift_int=\count141
\c__fp_Bigg_trailing_shift_int=\count142
\c__fp_rand_size_int=\count143
\c__fp_rand_four_int=\count144
\c__fp_rand_eight_int=\count145
\l__sort_length_int=\count146
\l__sort_min_int=\count147
\l__sort_top_int=\count148
\l__sort_max_int=\count149
\l__sort_true_max_int=\count150
\l__sort_block_int=\count151
\l__sort_begin_int=\count152
\l__sort_end_int=\count153
\l__sort_A_int=\count154
\l__sort_B_int=\count155
\l__sort_C_int=\count156
\l__tl_build_start_index_int=\count157
\l__tl_build_index_int=\count158
\l__tl_analysis_normal_int=\count159
\l__tl_analysis_index_int=\count160
\l__tl_analysis_nesting_int=\count161
\l__tl_analysis_type_int=\count162
\l__regex_internal_a_int=\count163
\l__regex_internal_b_int=\count164
\l__regex_internal_c_int=\count165
\l__regex_balance_int=\count166
\l__regex_group_level_int=\count167
\l__regex_mode_int=\count168
\c__regex_cs_in_class_mode_int=\count169
\c__regex_cs_mode_int=\count170
\l__regex_catcodes_int=\count171
\l__regex_default_catcodes_int=\count172
\c__regex_catcode_D_int=\count173
\c__regex_catcode_S_int=\count174
\c__regex_catcode_L_int=\count175
\c__regex_catcode_O_int=\count176
\c__regex_catcode_A_int=\count177
\c__regex_all_catcodes_int=\count178
\l__regex_show_lines_int=\count179
\l__regex_min_state_int=\count180
\l__regex_max_state_int=\count181
\l__regex_left_state_int=\count182
\l__regex_right_state_int=\count183
\l__regex_capturing_group_int=\count184
\l__regex_min_pos_int=\count185
\l__regex_max_pos_int=\count186
\l__regex_curr_pos_int=\count187
\l__regex_start_pos_int=\count188
\l__regex_success_pos_int=\count189
\l__regex_curr_char_int=\count190
\l__regex_curr_catcode_int=\count191
\l__regex_last_char_int=\count192
\l__regex_case_changed_char_int=\count193
\l__regex_curr_state_int=\count194
\l__regex_step_int=\count195
\l__regex_min_active_int=\count196
\l__regex_max_active_int=\count197
\l__regex_replacement_csnames_int=\count198
\l__regex_match_count_int=\count199
\l__regex_min_submatch_int=\count266
\l__regex_submatch_int=\count267
\l__regex_zeroth_submatch_int=\count268
\g__debug_trace_regex_int=\count269
\c_empty_box=\box30
\l_tmpa_box=\box31
\l_tmpb_box=\box32
\g_tmpa_box=\box33
\g_tmpb_box=\box34
\l__box_top_dim=\dimen142
\l__box_bottom_dim=\dimen143
\l__box_left_dim=\dimen144
\l__box_right_dim=\dimen145
\l__box_top_new_dim=\dimen146
\l__box_bottom_new_dim=\dimen147
\l__box_left_new_dim=\dimen148
\l__box_right_new_dim=\dimen149
\l__box_internal_box=\box35
\l__coffin_internal_box=\box36
\l__coffin_internal_dim=\dimen150
\l__coffin_offset_x_dim=\dimen151
\l__coffin_offset_y_dim=\dimen152
\l__coffin_x_dim=\dimen153
\l__coffin_y_dim=\dimen154
\l__coffin_x_prime_dim=\dimen155
\l__coffin_y_prime_dim=\dimen156
\c_empty_coffin=\box37
\l__coffin_aligned_coffin=\box38
\l__coffin_aligned_internal_coffin=\box39
\l_tmpa_coffin=\box40
\l_tmpb_coffin=\box41
\l__coffin_display_coffin=\box42
\l__coffin_display_coord_coffin=\box43
\l__coffin_display_pole_coffin=\box44
\l__coffin_display_offset_dim=\dimen157
\l__coffin_display_x_dim=\dimen158
\l__coffin_display_y_dim=\dimen159
\l__coffin_bounding_shift_dim=\dimen160
\l__coffin_left_corner_dim=\dimen161
\l__coffin_right_corner_dim=\dimen162
\l__coffin_bottom_corner_dim=\dimen163
\l__coffin_top_corner_dim=\dimen164
\l__coffin_scaled_total_height_dim=\dimen165
\l__coffin_scaled_width_dim=\dimen166
)
(/usr/local/texlive/2017/texmf-dist/tex/latex/l3kernel/l3pdfmode.def
File: l3pdfmode.def 2017/03/18 v L3 Experimental driver: PDF mode
\l__driver_color_stack_int=\count270
\l__driver_tmp_box=\box45
))
(/usr/local/texlive/2017/texmf-dist/tex/latex/l3packages/xparse/xparse.sty
Package: xparse 2017/09/18 L3 Experimental document command parser
\l__xparse_current_arg_int=\count271
\g__xparse_grabber_int=\count272
\l__xparse_m_args_int=\count273
\l__xparse_mandatory_args_int=\count274
\l__xparse_v_nesting_int=\count275
)
Package: siunitx 2017/08/02 v2.7j A comprehensive (SI) units package

(/usr/local/texlive/2017/texmf-dist/tex/latex/l3packages/l3keys2e/l3keys2e.sty
Package: l3keys2e 2017/09/18 LaTeX2e option processing using LaTeX3 keys
)
\l__siunitx_tmp_box=\box46
\l__siunitx_tmp_dim=\dimen167
\l__siunitx_tmp_int=\count276
\l__siunitx_number_mantissa_length_int=\count277
\l__siunitx_number_uncert_length_int=\count278
\l__siunitx_round_int=\count279
\l__siunitx_process_decimal_int=\count280
\l__siunitx_process_uncertainty_int=\count281
\l__siunitx_process_fixed_int=\count282
\l__siunitx_process_integer_min_int=\count283
\l__siunitx_process_precision_int=\count284
\l__siunitx_group_min_int=\count285
\l__siunitx_angle_marker_box=\box47
\l__siunitx_angle_unit_box=\box48
\l__siunitx_angle_marker_dim=\dimen168
\l__siunitx_angle_unit_dim=\dimen169
\l__siunitx_unit_int=\count286
\l__siunitx_unit_denominator_int=\count287
\l__siunitx_unit_numerator_int=\count288
\l__siunitx_unit_prefix_int=\count289
\l__siunitx_unit_prefix_base_int=\count290
\l__siunitx_unit_prefix_gram_int=\count291
\l__siunitx_number_product_int=\count292
\c__siunitx_one_fill_skip=\skip55
\l__siunitx_table_unit_align_skip=\skip56
\l__siunitx_table_exponent_dim=\dimen170
\l__siunitx_table_integer_dim=\dimen171
\l__siunitx_table_mantissa_dim=\dimen172
\l__siunitx_table_marker_dim=\dimen173
\l__siunitx_table_result_dim=\dimen174
\l__siunitx_table_uncert_dim=\dimen175
\l__siunitx_table_fill_pre_dim=\dimen176
\l__siunitx_table_fill_post_dim=\dimen177
\l__siunitx_table_fill_mid_dim=\dimen178
\l__siunitx_table_pre_box=\box49
\l__siunitx_table_post_box=\box50
\l__siunitx_table_mantissa_box=\box51
\l__siunitx_table_result_box=\box52
\l__siunitx_table_number_align_skip=\skip57
\l__siunitx_table_text_align_skip=\skip58
.................................................
. LaTeX info: "xparse/define-command"
. 
. Defining command \DeclareBinaryPrefix with sig. 'mmm' on line 7247.
.................................................
.................................................
. LaTeX info: "xparse/define-command"
. 
. Defining command \DeclareSIPostPower with sig. 'mm' on line 7250.
.................................................
.................................................
. LaTeX info: "xparse/define-command"
. 
. Defining command \DeclareSIPrefix with sig. 'mmm' on line 7253.
.................................................
.................................................
. LaTeX info: "xparse/define-command"
. 
. Defining command \DeclareSIPrePower with sig. 'mm' on line 7256.
.................................................
.................................................
. LaTeX info: "xparse/define-command"
. 
. Defining command \DeclareSIQualifier with sig. 'mm' on line 7259.
.................................................
.................................................
. LaTeX info: "xparse/define-command"
. 
. Defining command \DeclareSIUnit with sig. 'O{}mm' on line 7262.
.................................................
.................................................
. LaTeX info: "xparse/define-command"
. 
. Defining command \DeclareSIUnitWithOptions with sig. 'mmm' on line 7265.
.................................................
.................................................
. LaTeX info: "xparse/define-command"
. 
. Defining command \ang with sig. 'o>{\SplitArgument {2}{;}}m' on line 7280.
.................................................
.................................................
. LaTeX info: "xparse/define-command"
. 
. Defining command \num with sig. 'om' on line 7289.
.................................................
.................................................
. LaTeX info: "xparse/define-command"
. 
. Defining command \numlist with sig. 'o>{\SplitList {;}}m' on line 7298.
.................................................
.................................................
. LaTeX info: "xparse/define-command"
. 
. Defining command \numrange with sig. 'omm' on line 7307.
.................................................
.................................................
. LaTeX info: "xparse/define-command"
. 
. Defining command \SIlist with sig. 'o>{\SplitList {;}}mm' on line 7319.
.................................................
.................................................
. LaTeX info: "xparse/define-command"
. 
. Defining command \SIrange with sig. 'ommm' on line 7331.
.................................................
.................................................
. LaTeX info: "xparse/define-command"
. 
. Defining command \SI with sig. 'omom' on line 7343.
.................................................
.................................................
. LaTeX info: "xparse/define-command"
. 
. Defining command \sisetup with sig. 'm' on line 7346.
.................................................
.................................................
. LaTeX info: "xparse/define-command"
. 
. Defining command \tablenum with sig. 'om' on line 7361.
.................................................
.................................................
. LaTeX info: "xparse/define-command"
. 
. Defining command \si with sig. 'om' on line 7373.
.................................................
.................................................
. LaTeX info: "xparse/define-command"
. 
. Defining command \numInBookmark with sig. 'om' on line 7420.
.................................................
.................................................
. LaTeX info: "xparse/define-command"
. 
. Defining command \numrangeInBookmark with sig. 'omm' on line 7422.
.................................................
.................................................
. LaTeX info: "xparse/define-command"
. 
. Defining command \SIInBookmark with sig. 'omom' on line 7424.
.................................................
.................................................
. LaTeX info: "xparse/define-command"
. 
. Defining command \SIlistInBookmark with sig. 'omm' on line 7426.
.................................................
.................................................
. LaTeX info: "xparse/define-command"
. 
. Defining command \SIrangeInBookmark with sig. 'ommm' on line 7428.
.................................................
.................................................
. LaTeX info: "xparse/define-command"
. 
. Defining command \siInBookmark with sig. 'om' on line 7429.
.................................................
\g__file_internal_ior=\read1
(/usr/local/texlive/2017/texmf-dist/tex/latex/beamer/translator/translator.sty
Package: translator 2010/06/12 ver 1.10

(/usr/local/texlive/2017/texmf-dist/tex/latex/beamer/translator/translator-lang
uage-mappings.tex)))
(/usr/local/texlive/2017/texmf-dist/tex/latex/underscore/underscore.sty
Package: underscore 2006/09/13
LaTeX Info: Redefining \_ on input line 42.
)
(/usr/local/texlive/2017/texmf-dist/tex/latex/tools/longtable.sty
Package: longtable 2014/10/28 v4.11 Multi-page Table package (DPC)
\LTleft=\skip59
\LTright=\skip60
\LTpre=\skip61
\LTpost=\skip62
\LTchunksize=\count293
\LTcapwidth=\dimen179
\LT@head=\box53
\LT@firsthead=\box54
\LT@foot=\box55
\LT@lastfoot=\box56
\LT@cols=\count294
\LT@rows=\count295
\c@LT@tables=\count296
\c@LT@chunks=\count297
\LT@p@ftn=\toks25
)
(/usr/local/texlive/2017/texmf-dist/tex/latex/base/fontenc.sty
Package: fontenc 2017/04/05 v2.0i Standard LaTeX package

(/usr/local/texlive/2017/texmf-dist/tex/latex/base/t1enc.def
File: t1enc.def 2017/04/05 v2.0i Standard LaTeX file
LaTeX Font Info:    Redeclaring font encoding T1 on input line 48.
))
(./MITGCM_SEAICE_manual.aux)
\openout1 = `MITGCM_SEAICE_manual.aux'.

LaTeX Font Info:    Checking defaults for OML/cmm/m/it on input line 54.
LaTeX Font Info:    ... okay on input line 54.
LaTeX Font Info:    Checking defaults for T1/cmr/m/n on input line 54.
LaTeX Font Info:    ... okay on input line 54.
LaTeX Font Info:    Checking defaults for OT1/cmr/m/n on input line 54.
LaTeX Font Info:    ... okay on input line 54.
LaTeX Font Info:    Checking defaults for OMS/cmsy/m/n on input line 54.
LaTeX Font Info:    ... okay on input line 54.
LaTeX Font Info:    Checking defaults for OMX/cmex/m/n on input line 54.
LaTeX Font Info:    ... okay on input line 54.
LaTeX Font Info:    Checking defaults for U/cmr/m/n on input line 54.
LaTeX Font Info:    ... okay on input line 54.
LaTeX Font Info:    Checking defaults for PD1/pdf/m/n on input line 54.
LaTeX Font Info:    ... okay on input line 54.
\c@lstlisting=\count298

(/usr/local/texlive/2017/texmf-dist/tex/context/base/mkii/supp-pdf.mkii
[Loading MPS to PDF converter (version 2006.09.02).]
\scratchcounter=\count299
\scratchdimen=\dimen180
\scratchbox=\box57
\nofMPsegments=\count300
\nofMParguments=\count301
\everyMPshowfont=\toks26
\MPscratchCnt=\count302
\MPscratchDim=\dimen181
\MPnumerator=\count303
\makeMPintoPDFobject=\count304
\everyMPtoPDFconversion=\toks27
) (/usr/local/texlive/2017/texmf-dist/tex/latex/oberdiek/epstopdf-base.sty
Package: epstopdf-base 2016/05/15 v2.6 Base part for package epstopdf

(/usr/local/texlive/2017/texmf-dist/tex/latex/oberdiek/grfext.sty
Package: grfext 2016/05/16 v1.2 Manage graphics extensions (HO)
)
Package epstopdf-base Info: Redefining graphics rule for `.eps' on input line 4
38.
Package grfext Info: Graphics extension search list:
(grfext)             [.pdf,.png,.jpg,.mps,.jpeg,.jbig2,.jb2,.PDF,.PNG,.JPG,.JPE
G,.JBIG2,.JB2,.eps]
(grfext)             \AppendGraphicsExtensions on input line 456.

(/usr/local/texlive/2017/texmf-dist/tex/latex/latexconfig/epstopdf-sys.cfg
File: epstopdf-sys.cfg 2010/07/13 v1.3 Configuration of (r)epstopdf for TeX Liv
e
))
Package caption Info: Begin \AtBeginDocument code.
Package caption Info: hyperref package is loaded.
Package caption Info: longtable package is loaded.

(/usr/local/texlive/2017/texmf-dist/tex/latex/caption/ltcaption.sty
Package: ltcaption 2013/06/09 v1.4-94 longtable captions (AR)
)
Package caption Info: End \AtBeginDocument code.
\AtBeginShipoutBox=\box58
Package hyperref Info: Link coloring OFF on input line 54.

(/usr/local/texlive/2017/texmf-dist/tex/latex/hyperref/nameref.sty
Package: nameref 2016/05/21 v2.44 Cross-referencing by name of section

(/usr/local/texlive/2017/texmf-dist/tex/generic/oberdiek/gettitlestring.sty
Package: gettitlestring 2016/05/16 v1.5 Cleanup title references (HO)
)
\c@section@level=\count305
)
LaTeX Info: Redefining \ref on input line 54.
LaTeX Info: Redefining \pageref on input line 54.
LaTeX Info: Redefining \nameref on input line 54.

(./MITGCM_SEAICE_manual.out) (./MITGCM_SEAICE_manual.out)
\@outlinefile=\write3
\openout3 = `MITGCM_SEAICE_manual.out'.

Now handling font encoding TS1 ...
... processing UTF-8 mapping file for font encoding TS1

(/usr/local/texlive/2017/texmf-dist/tex/latex/base/ts1enc.dfu
File: ts1enc.dfu 2017/01/28 v1.1t UTF-8 support for inputenc
   defining Unicode char U+00A2 (decimal 162)
   defining Unicode char U+00A3 (decimal 163)
   defining Unicode char U+00A4 (decimal 164)
   defining Unicode char U+00A5 (decimal 165)
   defining Unicode char U+00A6 (decimal 166)
   defining Unicode char U+00A7 (decimal 167)
   defining Unicode char U+00A8 (decimal 168)
   defining Unicode char U+00A9 (decimal 169)
   defining Unicode char U+00AA (decimal 170)
   defining Unicode char U+00AC (decimal 172)
   defining Unicode char U+00AE (decimal 174)
   defining Unicode char U+00AF (decimal 175)
   defining Unicode char U+00B0 (decimal 176)
   defining Unicode char U+00B1 (decimal 177)
   defining Unicode char U+00B2 (decimal 178)
   defining Unicode char U+00B3 (decimal 179)
   defining Unicode char U+00B4 (decimal 180)
   defining Unicode char U+00B5 (decimal 181)
   defining Unicode char U+00B6 (decimal 182)
   defining Unicode char U+00B7 (decimal 183)
   defining Unicode char U+00B9 (decimal 185)
   defining Unicode char U+00BA (decimal 186)
   defining Unicode char U+00BC (decimal 188)
   defining Unicode char U+00BD (decimal 189)
   defining Unicode char U+00BE (decimal 190)
   defining Unicode char U+00D7 (decimal 215)
   defining Unicode char U+00F7 (decimal 247)
   defining Unicode char U+0192 (decimal 402)
   defining Unicode char U+02C7 (decimal 711)
   defining Unicode char U+02D8 (decimal 728)
   defining Unicode char U+02DD (decimal 733)
   defining Unicode char U+0E3F (decimal 3647)
   defining Unicode char U+2016 (decimal 8214)
   defining Unicode char U+2020 (decimal 8224)
   defining Unicode char U+2021 (decimal 8225)
   defining Unicode char U+2022 (decimal 8226)
   defining Unicode char U+2030 (decimal 8240)
   defining Unicode char U+2031 (decimal 8241)
   defining Unicode char U+203B (decimal 8251)
   defining Unicode char U+203D (decimal 8253)
   defining Unicode char U+2044 (decimal 8260)
   defining Unicode char U+204E (decimal 8270)
   defining Unicode char U+2052 (decimal 8274)
   defining Unicode char U+20A1 (decimal 8353)
   defining Unicode char U+20A4 (decimal 8356)
   defining Unicode char U+20A6 (decimal 8358)
   defining Unicode char U+20A9 (decimal 8361)
   defining Unicode char U+20AB (decimal 8363)
   defining Unicode char U+20AC (decimal 8364)
   defining Unicode char U+20B1 (decimal 8369)
   defining Unicode char U+2103 (decimal 8451)
   defining Unicode char U+2116 (decimal 8470)
   defining Unicode char U+2117 (decimal 8471)
   defining Unicode char U+211E (decimal 8478)
   defining Unicode char U+2120 (decimal 8480)
   defining Unicode char U+2122 (decimal 8482)
   defining Unicode char U+2126 (decimal 8486)
   defining Unicode char U+2127 (decimal 8487)
   defining Unicode char U+212E (decimal 8494)
   defining Unicode char U+2190 (decimal 8592)
   defining Unicode char U+2191 (decimal 8593)
   defining Unicode char U+2192 (decimal 8594)
   defining Unicode char U+2193 (decimal 8595)
   defining Unicode char U+2329 (decimal 9001)
   defining Unicode char U+232A (decimal 9002)
   defining Unicode char U+2422 (decimal 9250)
   defining Unicode char U+25E6 (decimal 9702)
   defining Unicode char U+25EF (decimal 9711)
   defining Unicode char U+266A (decimal 9834)
)
(/usr/local/texlive/2017/texmf-dist/tex/latex/beamer/translator/dicts/translato
r-basic-dictionary/translator-basic-dictionary-English.dict
Dictionary: translator-basic-dictionary, Language: English 
)
(/usr/local/texlive/2017/texmf-dist/tex/latex/siunitx/siunitx-abbreviations.cfg
File: siunitx-abbreviations.cfg 2017/08/02 v2.7j siunitx: Abbreviated units
)
\c__siunitx_mathsf_int=\count306
LaTeX Font Info:    Try loading font information for U+msa on input line 54.
 (/usr/local/texlive/2017/texmf-dist/tex/latex/amsfonts/umsa.fd
File: umsa.fd 2013/01/14 v3.01 AMS symbols A
)
LaTeX Font Info:    Try loading font information for U+msb on input line 54.

(/usr/local/texlive/2017/texmf-dist/tex/latex/amsfonts/umsb.fd
File: umsb.fd 2013/01/14 v3.01 AMS symbols B
)
\c__siunitx_mathtt_int=\count307

(./MITGCM_SEAICE_manual.toc [1

{/usr/local/texlive/2017/texmf-var/fonts/map/pdftex/updmap/pdftex.map}])
\tf@toc=\write4
\openout4 = `MITGCM_SEAICE_manual.toc'.

 [2]
LaTeX Font Info:    Try loading font information for OMS+cmr on input line 72.

(/usr/local/texlive/2017/texmf-dist/tex/latex/base/omscmr.fd
File: omscmr.fd 2014/09/29 v2.5h Standard LaTeX font definitions
)
LaTeX Font Info:    Font shape `OMS/cmr/m/n' in size <10.95> not available
(Font)              Font shape `OMS/cmsy/m/n' tried instead on input line 72.
LaTeX Font Info:    Try loading font information for T1+cmtt on input line 81.

(/usr/local/texlive/2017/texmf-dist/tex/latex/base/t1cmtt.fd
File: t1cmtt.fd 2014/09/29 v2.5h Standard LaTeX font definitions
) [3] [4] [5]
LaTeX Font Info:    Font shape `OMS/cmr/m/n' in size <6> not available
(Font)              Font shape `OMS/cmsy/m/n' tried instead on input line 176.

[6] [7]
Overfull \hbox (12.35992pt too wide) in paragraph at lines 265--266
\T1/cmr/m/n/10.95 file. To spec-ify an ini-tial con-stant value, set the key-wo
rds [][]\T1/cmtt/m/n/10.95 SEAICE_initialHEFF[]\T1/cmr/m/n/10.95 ,
 []


Overfull \hbox (10.02467pt too wide) in paragraph at lines 265--266
[][]\T1/cmtt/m/n/10.95 SEAICE_initialAREA[]\T1/cmr/m/n/10.95 . To set with a fi
le, set the in-put files [][]\T1/cmtt/m/n/10.95 HeffFile[]\T1/cmr/m/n/10.95 , [
][]\T1/cmtt/m/n/10.95 AreaFile[]\T1/cmr/m/n/10.95 ,
 []


Overfull \hbox (1.2804pt too wide) in paragraph at lines 274--275
\T1/cmr/m/n/10.95 the SEAICE tu-to-rial, or copy from the exf pack-age, [][]\T1
/cmtt/m/n/10.95 pkg/exf/EXF_OPTIONS.h[]\T1/cmr/m/n/10.95 . 
 []


Underfull \hbox (badness 4543) in paragraph at lines 291--291
[]|\T1/cmr/m/n/10.95 Surface (10-m) mero-di-onal winds,
 []


Underfull \hbox (badness 10000) in paragraph at lines 291--291
[]|\T1/cmr/m/n/10.95 Surface (2-m) spe-cific hu-mid-ity,
 []


Underfull \hbox (badness 10000) in paragraph at lines 291--291
[]|\T1/cmr/m/n/10.95 Downward short-wave ra-di-a-tion,
 []


Underfull \hbox (badness 10000) in paragraph at lines 291--291
[]|\T1/cmr/m/n/10.95 Downward long-wave ra-di-a-tion,
 []

[8] [9]
Overfull \hbox (0.84866pt too wide) in paragraph at lines 365--366
\T1/cmr/m/n/10.95 time-stepping, bi-nary in-put/out-put, and other pa-ram-e-ter
s for the core model. 
 []

[10]
Overfull \hbox (1.77641pt too wide) in paragraph at lines 374--375
\T1/cmr/m/n/10.95 The time step and sim-u-la-tion length pa-ram-e-ters are all 
in the [][]\T1/cmtt/m/n/10.95 PARM03 []\T1/cmr/m/n/10.95 namelist
 []


Overfull \hbox (12.51726pt too wide) in paragraph at lines 377--378
\T1/cmr/m/n/10.95 usu-ally use double-precision floats for in-put, by spec-i-fy
-ing [][]\T1/cmtt/m/n/10.95 readBinaryPrec=64,
 []

[11] [12] [13]
Overfull \hbox (14.56418pt too wide) in paragraph at lines 510--511
\T1/cmr/m/n/10.95 am-ple) [][]\T1/cmtt/m/n/10.95 SEAICEadvScheme = 33 []\T1/cmr
/m/n/10.95 in the [][]\T1/cmtt/m/n/10.95 SEAICE_PARM01 []\T1/cmr/m/n/10.95 name
list of [][]\T1/cmtt/m/n/10.95 data.seaice[]\T1/cmr/m/n/10.95 . 
 []

[14] [15]
Underfull \hbox (badness 3029) in paragraph at lines 561--561
[]|\T1/cmr/m/n/10.95 Linear EOS with in-cor-rent
 []


Underfull \hbox (badness 7203) in paragraph at lines 570--570
[]|\T1/cmr/m/n/10.95 Minimum short-wave down-
 []


Overfull \hbox (36.0pt too wide) in alignment at lines 555--579
 [] [] [] 
 []


Underfull \vbox (badness 10000) detected at line 579
 []


Underfull \hbox (badness 2961) in paragraph at lines 580--580
[]|\T1/cmr/m/n/10.95 Initial SEAICE area
 []


Overfull \hbox (36.0pt too wide) in alignment at lines 579--585
 [] [] [] 
 []

[16]
Overfull \hbox (28.3929pt too wide) in paragraph at lines 589--591
\T1/cmr/m/n/10.95 This case was first run with the de-fault ice ad-vec-tion sch
eme ([][]\T1/cmtt/m/n/10.95 SEAICEadvScheme=2[]\T1/cmr/m/n/10.95 ),
 []

[17]
</Users/tghill/pkg/gfg/EOT/fig/iceAdvect/advScheme-def-surface-ice-hd-000002520
0.png, id=706, 462.528pt x 346.896pt>
File: /Users/tghill/pkg/gfg/EOT/fig/iceAdvect/advScheme-def-surface-ice-hd-0000
025200.png Graphic file (type png)
<use /Users/tghill/pkg/gfg/EOT/fig/iceAdvect/advScheme-def-surface-ice-hd-00000
25200.png>
Package pdftex.def Info: /Users/tghill/pkg/gfg/EOT/fig/iceAdvect/advScheme-def-
surface-ice-hd-0000025200.png  used on input line 597. on input line 597.
Package pdftex.def Info: Requested size: 306.0022pt x 229.51314pt on input line
 597.
</Users/tghill/pkg/gfg/EOT/fig/iceAdvect/advScheme-def-surface-T-hd-0000025200.
png, id=708, 578.16pt x 433.62pt>
File: /Users/tghill/pkg/gfg/EOT/fig/iceAdvect/advScheme-def-surface-T-hd-000002
5200.png Graphic file (type png)
<use /Users/tghill/pkg/gfg/EOT/fig/iceAdvect/advScheme-def-surface-T-hd-0000025
200.png>
Package pdftex.def Info: /Users/tghill/pkg/gfg/EOT/fig/iceAdvect/advScheme-def-
surface-T-hd-0000025200.png  used on input line 601. on input line 601.
Package pdftex.def Info: Requested size: 306.0022pt x 229.49991pt on input line
 601.
</Users/tghill/pkg/gfg/EOT/fig/iceAdvect/advScheme-07-surface-ice-hd-0000025200
.png, id=709, 462.528pt x 346.896pt>
File: /Users/tghill/pkg/gfg/EOT/fig/iceAdvect/advScheme-07-surface-ice-hd-00000
25200.png Graphic file (type png)
<use /Users/tghill/pkg/gfg/EOT/fig/iceAdvect/advScheme-07-surface-ice-hd-000002
5200.png>
Package pdftex.def Info: /Users/tghill/pkg/gfg/EOT/fig/iceAdvect/advScheme-07-s
urface-ice-hd-0000025200.png  used on input line 610. on input line 610.
Package pdftex.def Info: Requested size: 306.0022pt x 229.51314pt on input line
 610.
</Users/tghill/pkg/gfg/EOT/fig/iceAdvect/advScheme-07-surface-T-hd-0000025200.p
ng, id=710, 578.16pt x 433.62pt>
File: /Users/tghill/pkg/gfg/EOT/fig/iceAdvect/advScheme-07-surface-T-hd-0000025
200.png Graphic file (type png)
<use /Users/tghill/pkg/gfg/EOT/fig/iceAdvect/advScheme-07-surface-T-hd-00000252
00.png>
Package pdftex.def Info: /Users/tghill/pkg/gfg/EOT/fig/iceAdvect/advScheme-07-s
urface-T-hd-0000025200.png  used on input line 614. on input line 614.
Package pdftex.def Info: Requested size: 306.0022pt x 229.49991pt on input line
 614.


LaTeX Warning: `!h' float specifier changed to `!ht'.

[18

 </Users/tghill/pkg/gfg/EOT/fig/iceAdvect/advScheme-def-surface-ice-hd-00000252
00.png> </Users/tghill/pkg/gfg/EOT/fig/iceAdvect/advScheme-def-surface-T-hd-000
0025200.png>]

LaTeX Warning: Text page 19 contains only floats.

[19 </Users/tghill/pkg/gfg/EOT/fig/iceAdvect/advScheme-07-surface-ice-hd-000002
5200.png> </Users/tghill/pkg/gfg/EOT/fig/iceAdvect/advScheme-07-surface-T-hd-00
00025200.png>]
</Users/tghill/pkg/gfg/EOT/fig/iceAdvect/advScheme-33-surface-ice-hd-0000025200
.png, id=724, 462.528pt x 346.896pt>
File: /Users/tghill/pkg/gfg/EOT/fig/iceAdvect/advScheme-33-surface-ice-hd-00000
25200.png Graphic file (type png)
<use /Users/tghill/pkg/gfg/EOT/fig/iceAdvect/advScheme-33-surface-ice-hd-000002
5200.png>
Package pdftex.def Info: /Users/tghill/pkg/gfg/EOT/fig/iceAdvect/advScheme-33-s
urface-ice-hd-0000025200.png  used on input line 625. on input line 625.
Package pdftex.def Info: Requested size: 161.9989pt x 121.5001pt on input line 
625.
</Users/tghill/pkg/gfg/EOT/fig/iceAdvect/advScheme-33-surface-T-hd-0000025200.p
ng, id=725, 578.16pt x 433.62pt>
File: /Users/tghill/pkg/gfg/EOT/fig/iceAdvect/advScheme-33-surface-T-hd-0000025
200.png Graphic file (type png)
<use /Users/tghill/pkg/gfg/EOT/fig/iceAdvect/advScheme-33-surface-T-hd-00000252
00.png>
Package pdftex.def Info: /Users/tghill/pkg/gfg/EOT/fig/iceAdvect/advScheme-33-s
urface-T-hd-0000025200.png  used on input line 628. on input line 628.
Package pdftex.def Info: Requested size: 161.9989pt x 121.49878pt on input line
 628.
</Users/tghill/pkg/gfg/EOT/fig/iceAdvect/advScheme-77-surface-ice-hd-0000025200
.png, id=726, 462.528pt x 346.896pt>
File: /Users/tghill/pkg/gfg/EOT/fig/iceAdvect/advScheme-77-surface-ice-hd-00000
25200.png Graphic file (type png)
<use /Users/tghill/pkg/gfg/EOT/fig/iceAdvect/advScheme-77-surface-ice-hd-000002
5200.png>
Package pdftex.def Info: /Users/tghill/pkg/gfg/EOT/fig/iceAdvect/advScheme-77-s
urface-ice-hd-0000025200.png  used on input line 632. on input line 632.
Package pdftex.def Info: Requested size: 161.9989pt x 121.5001pt on input line 
632.
</Users/tghill/pkg/gfg/EOT/fig/iceAdvect/advScheme-77-surface-T-hd-0000025200.p
ng, id=727, 578.16pt x 433.62pt>
File: /Users/tghill/pkg/gfg/EOT/fig/iceAdvect/advScheme-77-surface-T-hd-0000025
200.png Graphic file (type png)
<use /Users/tghill/pkg/gfg/EOT/fig/iceAdvect/advScheme-77-surface-T-hd-00000252
00.png>
Package pdftex.def Info: /Users/tghill/pkg/gfg/EOT/fig/iceAdvect/advScheme-77-s
urface-T-hd-0000025200.png  used on input line 635. on input line 635.
Package pdftex.def Info: Requested size: 161.9989pt x 121.49878pt on input line
 635.
 [20

 </Users/tghill/pkg/gfg/EOT/fig/iceAdvect/advScheme-33-surface-ice-hd-000002520
0.png> </Users/tghill/pkg/gfg/EOT/fig/iceAdvect/advScheme-33-surface-T-hd-00000
25200.png> </Users/tghill/pkg/gfg/EOT/fig/iceAdvect/advScheme-77-surface-ice-hd
-0000025200.png> </Users/tghill/pkg/gfg/EOT/fig/iceAdvect/advScheme-77-surface-
T-hd-0000025200.png>]
Underfull \hbox (badness 7203) in paragraph at lines 678--678
[]|\T1/cmr/m/n/10.95 Minimum short-wave down-
 []


Overfull \hbox (36.0pt too wide) in alignment at lines 662--685
 [] [] [] 
 []


Underfull \vbox (badness 10000) detected at line 685
 []


Underfull \hbox (badness 2961) in paragraph at lines 689--689
[]|\T1/cmr/m/n/10.95 Initial SEAICE area
 []


Overfull \hbox (36.0pt too wide) in alignment at lines 685--694
 [] [] [] 
 []

[21]
Overfull \hbox (10.37015pt too wide) in paragraph at lines 697--698
[]\T1/cmr/m/n/10.95 Change [][]\T1/cmtt/m/n/10.95 nonHydrostatic []\T1/cmr/m/n/
10.95 to [][]\T1/cmtt/m/n/10.95 .TRUE. []\T1/cmr/m/n/10.95 to test sen-si-tiv-i
ty to hydrostatic/non-
 []

[22]
</Users/tghill/pkg/gfg/EOT/fig/iceMelt/icemeltsmooth-icemass.png, id=750, 462.5
28pt x 346.896pt>
File: /Users/tghill/pkg/gfg/EOT/fig/iceMelt/icemeltsmooth-icemass.png Graphic f
ile (type png)
<use /Users/tghill/pkg/gfg/EOT/fig/iceMelt/icemeltsmooth-icemass.png>
Package pdftex.def Info: /Users/tghill/pkg/gfg/EOT/fig/iceMelt/icemeltsmooth-ic
emass.png  used on input line 707. on input line 707.
Package pdftex.def Info: Requested size: 288.0011pt x 216.01018pt on input line
 707.
 [23 </Users/tghill/pkg/gfg/EOT/fig/iceMelt/icemeltsmooth-icemass.png>]
</Users/tghill/pkg/gfg/EOT/fig/iceMelt/icemeltsmooth-surface-ice-thick-00011178
00.png, id=761, 462.528pt x 346.896pt>
File: /Users/tghill/pkg/gfg/EOT/fig/iceMelt/icemeltsmooth-surface-ice-thick-000
1117800.png Graphic file (type png)
<use /Users/tghill/pkg/gfg/EOT/fig/iceMelt/icemeltsmooth-surface-ice-thick-0001
117800.png>
Package pdftex.def Info: /Users/tghill/pkg/gfg/EOT/fig/iceMelt/icemeltsmooth-su
rface-ice-thick-0001117800.png  used on input line 716. on input line 716.
Package pdftex.def Info: Requested size: 288.0011pt x 216.01018pt on input line
 716.
</Users/tghill/pkg/gfg/EOT/fig/iceMelt/icemeltsmooth-surface-T-0001117800.png, 
id=762, 578.16pt x 433.62pt>
File: /Users/tghill/pkg/gfg/EOT/fig/iceMelt/icemeltsmooth-surface-T-0001117800.
png Graphic file (type png)
<use /Users/tghill/pkg/gfg/EOT/fig/iceMelt/icemeltsmooth-surface-T-0001117800.p
ng>
Package pdftex.def Info: /Users/tghill/pkg/gfg/EOT/fig/iceMelt/icemeltsmooth-su
rface-T-0001117800.png  used on input line 719. on input line 719.
Package pdftex.def Info: Requested size: 288.0011pt x 215.99564pt on input line
 719.

Underfull \hbox (badness 10000) in paragraph at lines 714--721
[]$[]$
 []

[24

 </Users/tghill/pkg/gfg/EOT/fig/iceMelt/icemeltsmooth-surface-ice-thick-0001117
800.png> </Users/tghill/pkg/gfg/EOT/fig/iceMelt/icemeltsmooth-surface-T-0001117
800.png>]
Overfull \hbox (5.62746pt too wide) in paragraph at lines 732--733
\T1/cmr/m/n/10.95 The model runs much faster in hy-dro-static con-fig-u-ra-tion
 than non-hydrostatic,
 []

</Users/tghill/pkg/gfg/EOT/fig/iceMelt/icemeltsmooth-deltaTKE.png, id=772, 462.
528pt x 346.896pt>
File: /Users/tghill/pkg/gfg/EOT/fig/iceMelt/icemeltsmooth-deltaTKE.png Graphic 
file (type png)
<use /Users/tghill/pkg/gfg/EOT/fig/iceMelt/icemeltsmooth-deltaTKE.png>
Package pdftex.def Info: /Users/tghill/pkg/gfg/EOT/fig/iceMelt/icemeltsmooth-de
ltaTKE.png  used on input line 736. on input line 736.
Package pdftex.def Info: Requested size: 306.0022pt x 229.51314pt on input line
 736.
[25 </Users/tghill/pkg/gfg/EOT/fig/iceMelt/icemeltsmooth-deltaTKE.png>]
[26]
</Users/tghill/pkg/gfg/EOT/fig/iceMelt/icemeltsmooth-deltaIce.png, id=787, 578.
16pt x 289.08pt>
File: /Users/tghill/pkg/gfg/EOT/fig/iceMelt/icemeltsmooth-deltaIce.png Graphic 
file (type png)
<use /Users/tghill/pkg/gfg/EOT/fig/iceMelt/icemeltsmooth-deltaIce.png>
Package pdftex.def Info: /Users/tghill/pkg/gfg/EOT/fig/iceMelt/icemeltsmooth-de
ltaIce.png  used on input line 751. on input line 751.
Package pdftex.def Info: Requested size: 341.9989pt x 170.99681pt on input line
 751.
</Users/tghill/pkg/gfg/EOT/fig/iceMelt/icemeltsmooth-deltaQ.png, id=788, 578.16
pt x 289.08pt>
File: /Users/tghill/pkg/gfg/EOT/fig/iceMelt/icemeltsmooth-deltaQ.png Graphic fi
le (type png)
<use /Users/tghill/pkg/gfg/EOT/fig/iceMelt/icemeltsmooth-deltaQ.png>
Package pdftex.def Info: /Users/tghill/pkg/gfg/EOT/fig/iceMelt/icemeltsmooth-de
ltaQ.png  used on input line 754. on input line 754.
Package pdftex.def Info: Requested size: 341.9989pt x 170.99681pt on input line
 754.

Underfull \hbox (badness 10000) in paragraph at lines 749--756
[]$[]$
 []

</Users/tghill/pkg/gfg/EOT/fig/iceMelt/icemeltsmooth-nowind-surface-ice-thick-0
001177200.png, id=790, 462.528pt x 346.896pt>
File: /Users/tghill/pkg/gfg/EOT/fig/iceMelt/icemeltsmooth-nowind-surface-ice-th
ick-0001177200.png Graphic file (type png)
<use /Users/tghill/pkg/gfg/EOT/fig/iceMelt/icemeltsmooth-nowind-surface-ice-thi
ck-0001177200.png>
Package pdftex.def Info: /Users/tghill/pkg/gfg/EOT/fig/iceMelt/icemeltsmooth-no
wind-surface-ice-thick-0001177200.png  used on input line 764. on input line 76
4.
Package pdftex.def Info: Requested size: 323.9978pt x 243.01079pt on input line
 764.

LaTeX Warning: `!h' float specifier changed to `!ht'.

[27

 </Users/tghill/pkg/gfg/EOT/fig/iceMelt/icemeltsmooth-deltaIce.png> </Users/tgh
ill/pkg/gfg/EOT/fig/iceMelt/icemeltsmooth-deltaQ.png>] [28 </Users/tghill/pkg/g
fg/EOT/fig/iceMelt/icemeltsmooth-nowind-surface-ice-thick-0001177200.png>]
Underfull \hbox (badness 7203) in paragraph at lines 806--806
[]|\T1/cmr/m/n/10.95 Minimum short-wave down-
 []


Overfull \hbox (36.0pt too wide) in alignment at lines 790--813
 [] [] [] 
 []


Underfull \vbox (badness 10000) detected at line 813
 []


Underfull \hbox (badness 2961) in paragraph at lines 817--817
[]|\T1/cmr/m/n/10.95 Initial SEAICE area
 []


Overfull \hbox (36.0pt too wide) in alignment at lines 813--822
 [] [] [] 
 []

[29] [30]
</Users/tghill/pkg/gfg/EOT/fig/solarForcing/solarforcing-surface-T-0000034380.p
ng, id=817, 578.16pt x 433.62pt>
File: /Users/tghill/pkg/gfg/EOT/fig/solarForcing/solarforcing-surface-T-0000034
380.png Graphic file (type png)
<use /Users/tghill/pkg/gfg/EOT/fig/solarForcing/solarforcing-surface-T-00000343
80.png>
Package pdftex.def Info: /Users/tghill/pkg/gfg/EOT/fig/solarForcing/solarforcin
g-surface-T-0000034380.png  used on input line 830. on input line 830.
Package pdftex.def Info: Requested size: 306.0022pt x 229.49991pt on input line
 830.
 [31 </Users/tghill/pkg/gfg/EOT/fig/solarForcing/solarforcing-surface-T-0000034
380.png>]
</Users/tghill/pkg/gfg/EOT/fig/solarForcing/solarforcing-constantT.jpg, id=826,
 4015.0pt x 2460.19125pt>
File: /Users/tghill/pkg/gfg/EOT/fig/solarForcing/solarforcing-constantT.jpg Gra
phic file (type jpg)
<use /Users/tghill/pkg/gfg/EOT/fig/solarForcing/solarforcing-constantT.jpg>
Package pdftex.def Info: /Users/tghill/pkg/gfg/EOT/fig/solarForcing/solarforcin
g-constantT.jpg  used on input line 839. on input line 839.
Package pdftex.def Info: Requested size: 356.40198pt x 218.36696pt on input lin
e 839.
</Users/tghill/pkg/gfg/EOT/fig/solarForcing/solarforcing-section01.png, id=827,
 4015.0pt x 2380.895pt>
File: /Users/tghill/pkg/gfg/EOT/fig/solarForcing/solarforcing-section01.png Gra
phic file (type png)
<use /Users/tghill/pkg/gfg/EOT/fig/solarForcing/solarforcing-section01.png>
Package pdftex.def Info: /Users/tghill/pkg/gfg/EOT/fig/solarForcing/solarforcin
g-section01.png  used on input line 843. on input line 843.
Package pdftex.def Info: Requested size: 176.40198pt x 104.59259pt on input lin
e 843.
</Users/tghill/pkg/gfg/EOT/fig/solarForcing/solarforcing-section02.png, id=828,
 4015.0pt x 2380.895pt>
File: /Users/tghill/pkg/gfg/EOT/fig/solarForcing/solarforcing-section02.png Gra
phic file (type png)
<use /Users/tghill/pkg/gfg/EOT/fig/solarForcing/solarforcing-section02.png>
Package pdftex.def Info: /Users/tghill/pkg/gfg/EOT/fig/solarForcing/solarforcin
g-section02.png  used on input line 846. on input line 846.
Package pdftex.def Info: Requested size: 176.40198pt x 104.59259pt on input lin
e 846.


LaTeX Warning: Reference `fig:solarForcingCompare' on page 32 undefined on inpu
t line 852.

[32

 </Users/tghill/pkg/gfg/EOT/fig/solarForcing/solarforcing-constantT.jpg> </User
s/tghill/pkg/gfg/EOT/fig/solarForcing/solarforcing-section01.png (PNG copy)> </
Users/tghill/pkg/gfg/EOT/fig/solarForcing/solarforcing-section02.png (PNG copy)
>]
</Users/tghill/pkg/gfg/EOT/fig/solarForcing/convect-deltaTKE.png, id=833, 462.5
28pt x 346.896pt>
File: /Users/tghill/pkg/gfg/EOT/fig/solarForcing/convect-deltaTKE.png Graphic f
ile (type png)
<use /Users/tghill/pkg/gfg/EOT/fig/solarForcing/convect-deltaTKE.png>
Package pdftex.def Info: /Users/tghill/pkg/gfg/EOT/fig/solarForcing/convect-del
taTKE.png  used on input line 858. on input line 858.
Package pdftex.def Info: Requested size: 352.79846pt x 264.61235pt on input lin
e 858.
</Users/tghill/pkg/gfg/EOT/fig/solarForcing/convect-deltaQ.png, id=834, 462.528
pt x 346.896pt>
File: /Users/tghill/pkg/gfg/EOT/fig/solarForcing/convect-deltaQ.png Graphic fil
e (type png)
<use /Users/tghill/pkg/gfg/EOT/fig/solarForcing/convect-deltaQ.png>
Package pdftex.def Info: /Users/tghill/pkg/gfg/EOT/fig/solarForcing/convect-del
taQ.png  used on input line 862. on input line 862.
Package pdftex.def Info: Requested size: 176.40198pt x 132.30353pt on input lin
e 862.
</Users/tghill/pkg/gfg/EOT/fig/solarForcing/convect-deltaIce.png, id=835, 462.5
28pt x 346.896pt>
File: /Users/tghill/pkg/gfg/EOT/fig/solarForcing/convect-deltaIce.png Graphic f
ile (type png)
<use /Users/tghill/pkg/gfg/EOT/fig/solarForcing/convect-deltaIce.png>
Package pdftex.def Info: /Users/tghill/pkg/gfg/EOT/fig/solarForcing/convect-del
taIce.png  used on input line 865. on input line 865.
Package pdftex.def Info: Requested size: 176.40198pt x 132.30353pt on input lin
e 865.
 [33

 </Users/tghill/pkg/gfg/EOT/fig/solarForcing/convect-deltaTKE.png> </Users/tghi
ll/pkg/gfg/EOT/fig/solarForcing/convect-deltaQ.png> </Users/tghill/pkg/gfg/EOT/
fig/solarForcing/convect-deltaIce.png>]
Underfull \hbox (badness 10000) in paragraph at lines 894--894
[]|\T1/cmr/m/n/10.95 Sinusoidal be-tween
 []


Underfull \hbox (badness 1377) in paragraph at lines 898--898
[]|\T1/cmr/m/n/10.95 Sinusoidal be-tween $\OT1/cmr/m/n/10.95 0$
 []


Overfull \hbox (36.0pt too wide) in alignment at lines 882--905
 [] [] [] 
 []


Underfull \vbox (badness 10000) detected at line 905
 []


Underfull \hbox (badness 3148) in paragraph at lines 908--908
[]|\T1/cmr/m/n/10.95 Temperature strat-i-fied lake,
 []


Underfull \hbox (badness 2961) in paragraph at lines 909--909
[]|\T1/cmr/m/n/10.95 Initial SEAICE area
 []


Overfull \hbox (36.0pt too wide) in alignment at lines 905--914
 [] [] [] 
 []

[34]
</Users/tghill/pkg/gfg/EOT/fig/periodicForcing/forcing.png, id=854, 578.16pt x 
578.16pt>
File: /Users/tghill/pkg/gfg/EOT/fig/periodicForcing/forcing.png Graphic file (t
ype png)
<use /Users/tghill/pkg/gfg/EOT/fig/periodicForcing/forcing.png>
Package pdftex.def Info: /Users/tghill/pkg/gfg/EOT/fig/periodicForcing/forcing.
png  used on input line 917. on input line 917.
Package pdftex.def Info: Requested size: 360.0pt x 359.99934pt on input line 91
7.


LaTeX Warning: `!h' float specifier changed to `!ht'.

</Users/tghill/pkg/gfg/EOT/fig/periodicForcing/response-fields.png, id=855, 578
.16pt x 433.62pt>
File: /Users/tghill/pkg/gfg/EOT/fig/periodicForcing/response-fields.png Graphic
 file (type png)
<use /Users/tghill/pkg/gfg/EOT/fig/periodicForcing/response-fields.png>
Package pdftex.def Info: /Users/tghill/pkg/gfg/EOT/fig/periodicForcing/response
-fields.png  used on input line 924. on input line 924.
Package pdftex.def Info: Requested size: 360.0pt x 269.99951pt on input line 92
4.

LaTeX Warning: `!h' float specifier changed to `!ht'.

[35] [36 </Users/tghill/pkg/gfg/EOT/fig/periodicForcing/forcing.png>]
</Users/tghill/pkg/gfg/EOT/fig/periodicForcing/response-constantT-fields.png, i
d=870, 578.16pt x 433.62pt>
File: /Users/tghill/pkg/gfg/EOT/fig/periodicForcing/response-constantT-fields.p
ng Graphic file (type png)
<use /Users/tghill/pkg/gfg/EOT/fig/periodicForcing/response-constantT-fields.pn
g>
Package pdftex.def Info: /Users/tghill/pkg/gfg/EOT/fig/periodicForcing/response
-constantT-fields.png  used on input line 939. on input line 939.
Package pdftex.def Info: Requested size: 360.0pt x 269.99951pt on input line 93
9.


LaTeX Warning: `!h' float specifier changed to `!ht'.

</Users/tghill/pkg/gfg/EOT/fig/periodicForcing/forcing-TKE.png, id=871, 462.528
pt x 346.896pt>
File: /Users/tghill/pkg/gfg/EOT/fig/periodicForcing/forcing-TKE.png Graphic fil
e (type png)
<use /Users/tghill/pkg/gfg/EOT/fig/periodicForcing/forcing-TKE.png>
Package pdftex.def Info: /Users/tghill/pkg/gfg/EOT/fig/periodicForcing/forcing-
TKE.png  used on input line 947. on input line 947.
Package pdftex.def Info: Requested size: 172.79846pt x 129.5987pt on input line
 947.
</Users/tghill/pkg/gfg/EOT/fig/periodicForcing/forcing-Q.png, id=872, 462.528pt
 x 346.896pt>
File: /Users/tghill/pkg/gfg/EOT/fig/periodicForcing/forcing-Q.png Graphic file 
(type png)
<use /Users/tghill/pkg/gfg/EOT/fig/periodicForcing/forcing-Q.png>
Package pdftex.def Info: /Users/tghill/pkg/gfg/EOT/fig/periodicForcing/forcing-
Q.png  used on input line 952. on input line 952.
Package pdftex.def Info: Requested size: 172.79846pt x 129.5987pt on input line
 952.

LaTeX Warning: `!h' float specifier changed to `!ht'.

[37 </Users/tghill/pkg/gfg/EOT/fig/periodicForcing/response-fields.png>]
[38 </Users/tghill/pkg/gfg/EOT/fig/periodicForcing/response-constantT-fields.pn
g>] [39 </Users/tghill/pkg/gfg/EOT/fig/periodicForcing/forcing-TKE.png> </Users
/tghill/pkg/gfg/EOT/fig/periodicForcing/forcing-Q.png>]
</Users/tghill/pkg/gfg/EOT/fig/climo/MITgcm-CLIMo-compare-0-0.png, id=898, 462.
528pt x 346.896pt>
File: /Users/tghill/pkg/gfg/EOT/fig/climo/MITgcm-CLIMo-compare-0-0.png Graphic 
file (type png)
<use /Users/tghill/pkg/gfg/EOT/fig/climo/MITgcm-CLIMo-compare-0-0.png>
Package pdftex.def Info: /Users/tghill/pkg/gfg/EOT/fig/climo/MITgcm-CLIMo-compa
re-0-0.png  used on input line 1000. on input line 1000.
Package pdftex.def Info: Requested size: 171.0022pt x 128.25423pt on input line
 1000.
</Users/tghill/pkg/gfg/EOT/fig/climo/MITgcm-CLIMo-compare-75-75.png, id=899, 46
2.528pt x 346.896pt>
File: /Users/tghill/pkg/gfg/EOT/fig/climo/MITgcm-CLIMo-compare-75-75.png Graphi
c file (type png)
<use /Users/tghill/pkg/gfg/EOT/fig/climo/MITgcm-CLIMo-compare-75-75.png>
Package pdftex.def Info: /Users/tghill/pkg/gfg/EOT/fig/climo/MITgcm-CLIMo-compa
re-75-75.png  used on input line 1003. on input line 1003.
Package pdftex.def Info: Requested size: 171.0022pt x 128.25423pt on input line
 1003.
</Users/tghill/pkg/gfg/EOT/fig/climo/MITgcm-CLIMo-compare-125-125.png, id=900, 
462.528pt x 346.896pt>
File: /Users/tghill/pkg/gfg/EOT/fig/climo/MITgcm-CLIMo-compare-125-125.png Grap
hic file (type png)
<use /Users/tghill/pkg/gfg/EOT/fig/climo/MITgcm-CLIMo-compare-125-125.png>
Package pdftex.def Info: /Users/tghill/pkg/gfg/EOT/fig/climo/MITgcm-CLIMo-compa
re-125-125.png  used on input line 1007. on input line 1007.
Package pdftex.def Info: Requested size: 171.0022pt x 128.25423pt on input line
 1007.
</Users/tghill/pkg/gfg/EOT/fig/climo/MITgcm-CLIMo-compare-0-300.png, id=901, 46
2.528pt x 346.896pt>
File: /Users/tghill/pkg/gfg/EOT/fig/climo/MITgcm-CLIMo-compare-0-300.png Graphi
c file (type png)
<use /Users/tghill/pkg/gfg/EOT/fig/climo/MITgcm-CLIMo-compare-0-300.png>
Package pdftex.def Info: /Users/tghill/pkg/gfg/EOT/fig/climo/MITgcm-CLIMo-compa
re-0-300.png  used on input line 1010. on input line 1010.
Package pdftex.def Info: Requested size: 171.0022pt x 128.25423pt on input line
 1010.


LaTeX Warning: `!h' float specifier changed to `!ht'.

[40] [41 </Users/tghill/pkg/gfg/EOT/fig/climo/MITgcm-CLIMo-compare-0-0.png> </U
sers/tghill/pkg/gfg/EOT/fig/climo/MITgcm-CLIMo-compare-75-75.png> </Users/tghil
l/pkg/gfg/EOT/fig/climo/MITgcm-CLIMo-compare-125-125.png> </Users/tghill/pkg/gf
g/EOT/fig/climo/MITgcm-CLIMo-compare-0-300.png>] [42] [43]

LaTeX Warning: Reference `fig:SB' on page 44 undefined on input line 1084.

[44] [45] [46] [47]
Underfull \hbox (badness 10000) in alignment at lines 1229--1229
[][][] 
 []

[48] [49] (./MITGCM_SEAICE_manual.bbl [50])
Package atveryend Info: Empty hook `BeforeClearDocument' on input line 1267.
 [51]
Package atveryend Info: Empty hook `AfterLastShipout' on input line 1267.
 (./MITGCM_SEAICE_manual.aux)
Package atveryend Info: Executing hook `AtVeryEndDocument' on input line 1267.
Package atveryend Info: Executing hook `AtEndAfterFileList' on input line 1267.

Package rerunfilecheck Info: File `MITGCM_SEAICE_manual.out' has not changed.
(rerunfilecheck)             Checksum: DC32D25DB38DB8D52488ED723FA11D09;3775.


LaTeX Warning: There were undefined references.


LaTeX Warning: Label(s) may have changed. Rerun to get cross-references right.

Package atveryend Info: Empty hook `AtVeryVeryEnd' on input line 1267.
 ) 
Here is how much of TeX's memory you used:
 20506 strings out of 492990
 387270 string characters out of 6132636
 640272 words of memory out of 5000000
 23385 multiletter control sequences out of 15000+600000
 550792 words of font info for 78 fonts, out of 8000000 for 9000
 1141 hyphenation exceptions out of 8191
 42i,23n,50p,10394b,2207s stack positions out of 5000i,500n,10000p,200000b,80000s
{/usr/local/texlive/2017/texmf-dist/fonts/enc/dvips/cm-super/cm-super-t1.enc}
</usr/local/texlive/2017/texmf-dist/fonts/type1/public/amsfonts/cm/cmbx10.pfb><
/usr/local/texlive/2017/texmf-dist/fonts/type1/public/amsfonts/cm/cmbx8.pfb></u
sr/local/texlive/2017/texmf-dist/fonts/type1/public/amsfonts/cm/cmex10.pfb></us
r/local/texlive/2017/texmf-dist/fonts/type1/public/amsfonts/cm/cmmi10.pfb></usr
/local/texlive/2017/texmf-dist/fonts/type1/public/amsfonts/cm/cmmi6.pfb></usr/l
ocal/texlive/2017/texmf-dist/fonts/type1/public/amsfonts/cm/cmmi8.pfb></usr/loc
al/texlive/2017/texmf-dist/fonts/type1/public/amsfonts/cm/cmr10.pfb></usr/local
/texlive/2017/texmf-dist/fonts/type1/public/amsfonts/cm/cmr6.pfb></usr/local/te
xlive/2017/texmf-dist/fonts/type1/public/amsfonts/cm/cmr8.pfb></usr/local/texli
ve/2017/texmf-dist/fonts/type1/public/amsfonts/cm/cmsy10.pfb></usr/local/texliv
e/2017/texmf-dist/fonts/type1/public/amsfonts/cm/cmsy6.pfb></usr/local/texlive/
2017/texmf-dist/fonts/type1/public/amsfonts/cm/cmsy8.pfb></usr/local/texlive/20
17/texmf-dist/fonts/type1/public/cm-super/sfbx1095.pfb></usr/local/texlive/2017
/texmf-dist/fonts/type1/public/cm-super/sfbx1200.pfb></usr/local/texlive/2017/t
exmf-dist/fonts/type1/public/cm-super/sfbx1440.pfb></usr/local/texlive/2017/tex
mf-dist/fonts/type1/public/cm-super/sfrm0600.pfb></usr/local/texlive/2017/texmf
-dist/fonts/type1/public/cm-super/sfrm1000.pfb></usr/local/texlive/2017/texmf-d
ist/fonts/type1/public/cm-super/sfrm1095.pfb></usr/local/texlive/2017/texmf-dis
t/fonts/type1/public/cm-super/sfrm1200.pfb></usr/local/texlive/2017/texmf-dist/
fonts/type1/public/cm-super/sfrm1728.pfb></usr/local/texlive/2017/texmf-dist/fo
nts/type1/public/cm-super/sfti1095.pfb></usr/local/texlive/2017/texmf-dist/font
s/type1/public/cm-super/sftt1095.pfb>
Output written on MITGCM_SEAICE_manual.pdf (51 pages, 27248685 bytes).
PDF statistics:
 1178 PDF objects out of 1200 (max. 8388607)
 1030 compressed objects within 11 object streams
 454 named destinations out of 1000 (max. 500000)
 604 words of extra memory for PDF output out of 10000 (max. 10000000)

